<?xml version="1.0" encoding="UTF-8"?>
<Site BuildName="Win32-MSBuild"
	BuildStamp="20230820-0954-Experimental"
	Name="DESKTOP-1IJ6CSH"
	Generator="ctest-3.26.4"
	CompilerName="C:/Program Files/Microsoft Visual Studio/2022/Community/VC/Tools/MSVC/14.33.31629/bin/HostX64/x64/cl.exe"
	CompilerVersion="19.33.31631.0"
	OSName="Windows"
	Hostname="DESKTOP-1IJ6CSH"
	OSRelease=" Professional"
	OSVersion=" (Build 19045)"
	OSPlatform="AMD64"
	Is64Bits="1"
	VendorString="AuthenticAMD"
	VendorID="Advanced Micro Devices"
	FamilyID="15"
	ModelID="1"
	ProcessorCacheSize="64"
	NumberOfLogicalCPU="16"
	NumberOfPhysicalCPU="8"
	TotalVirtualMemory="32159"
	TotalPhysicalMemory="16287"
	LogicalProcessorsPerPhysical="2"
	ProcessorClockFrequency="3393"
	>
	<Testing>
		<StartDateTime>Aug 20 13:30 T[NON-UTF-8-BYTE-0xFC]rkiye Standart Saati</StartDateTime>
		<StartTestTime>1692527430</StartTestTime>
		<TestList/>
		<EndDateTime>Aug 20 13:30 T[NON-UTF-8-BYTE-0xFC]rkiye Standart Saati</EndDateTime>
		<EndTestTime>1692527430</EndTestTime>
		<ElapsedMinutes>0</ElapsedMinutes>
	</Testing>
</Site>
